<?xml version='1.0' encoding='UTF-8'?>
<testsuite hostname="kevin" name="test.CalculatorTesting" tests="5" errors="0" failures="0" skipped="0" time="0.071" timestamp="2022-03-25T10:27:31">
          <properties>
[...]
</properties>
          <testcase classname="test.CalculatorTesting" name="addition returns the expected output" time="0.064">
                      
                    </testcase><testcase classname="test.CalculatorTesting" name="subtraction returns the expected output" time="0.001">
                      
                    </testcase><testcase classname="test.CalculatorTesting" name="multiplication should give back 0 if multiplying by 0" time="0.001">
                      
                    </testcase><testcase classname="test.CalculatorTesting" name="division should throw a error while dividing by zero" time="0.003">
                      
                    </testcase><testcase classname="test.CalculatorTesting" name="modulus should throw a error while modulus by zero" time="0.002">
                      
                    </testcase>
          <system-out><![CDATA[]]></system-out>
          <system-err><![CDATA[]]></system-err>
        </testsuite>