<?xml version="1.0"?>
<!DOCTYPE coverage SYSTEM "http://cobertura.sourceforge.net/xml/coverage-04.dtd">
<coverage 
line-rate="1.00" lines-valid="5" lines-covered="5" branches-valid="0" branches-covered="0" branch-rate="1.00" complexity="0" version="1.0" timestamp="1648184281321">
    <sources>
        <source>--source</source>
        <source>/home/kevin/Desktop/Scala WorkSpace/SampleTestingProject/src/main/scala</source>
    </sources>
    <packages>
        <package name="com.sample" line-rate="1.00" branch-rate="1.00" complexity="0">
            <classes>
                <class 
                name="com.sample.Calculator" filename="com/sample/Calculator.scala" line-rate="1.00" branch-rate="1.00" complexity="0">
                    <methods>
                        <method name="com.sample/Calculator/multiplication" signature="()V" line-rate="1.00" branch-rate="1.00" complexity="0">
                            <lines>
                                <line number="9" hits="1" branch="false"/>
                            </lines>
                        </method>
                        <method name="com.sample/Calculator/modulo" signature="()V" line-rate="1.00" branch-rate="1.00" complexity="0">
                            <lines>
                                <line number="13" hits="1" branch="false"/>
                            </lines>
                        </method>
                        <method name="com.sample/Calculator/addition" signature="()V" line-rate="1.00" branch-rate="1.00" complexity="0">
                            <lines>
                                <line number="5" hits="1" branch="false"/>
                            </lines>
                        </method>
                        <method name="com.sample/Calculator/division" signature="()V" line-rate="1.00" branch-rate="1.00" complexity="0">
                            <lines>
                                <line number="11" hits="1" branch="false"/>
                            </lines>
                        </method>
                        <method name="com.sample/Calculator/subtraction" signature="()V" line-rate="1.00" branch-rate="1.00" complexity="0">
                            <lines>
                                <line number="7" hits="1" branch="false"/>
                            </lines>
                        </method>
                    </methods>
                    <lines>
                        <line number="7" hits="1" branch="false"/>
                        <line number="13" hits="1" branch="false"/>
                        <line number="11" hits="1" branch="false"/>
                        <line number="5" hits="1" branch="false"/>
                        <line number="9" hits="1" branch="false"/>
                    </lines>
</class>
            </classes>
        </package>
    </packages>
</coverage>
